This file contains any messages produced by compilers while
running configure, to aid debugging if configure makes a mistake.

It was created by configure, which was
generated by GNU Autoconf 2.61.  Invocation command line was

  $ ./configure --host=i486-linux-gnu --build=i486-linux-gnu --prefix=/usr --mandir=${prefix}/share/man --infodir=${prefix}/share/info

## --------- ##
## Platform. ##
## --------- ##

hostname = spider
uname -m = i686
uname -r = 2.6.31-10-generic
uname -s = Linux
uname -v = #35-Ubuntu SMP Tue Sep 22 17:33:42 UTC 2009

/usr/bin/uname -p = unknown
/bin/uname -X     = unknown

/bin/arch              = unknown
/usr/bin/arch -k       = unknown
/usr/convex/getsysinfo = unknown
/usr/bin/hostinfo      = unknown
/bin/machine           = unknown
/usr/bin/oslevel       = unknown
/bin/universe          = unknown

PATH: /home/smorar/bin
PATH: /usr/local/sbin
PATH: /usr/local/bin
PATH: /usr/sbin
PATH: /usr/bin
PATH: /sbin
PATH: /bin
PATH: /usr/games


## ----------- ##
## Core tests. ##
## ----------- ##

configure:1721: checking for a BSD-compatible install
configure:1777: result: /usr/bin/install -c
configure:1788: checking whether build environment is sane
configure:1831: result: yes
configure:1859: checking for a thread-safe mkdir -p
configure:1898: result: /bin/mkdir -p
configure:1911: checking for gawk
configure:1927: found /usr/bin/gawk
configure:1938: result: gawk
configure:1949: checking whether make sets $(MAKE)
configure:1970: result: yes
configure:2159: checking whether to enable maintainer-specific portions of Makefiles
configure:2168: result: no
configure:2191: checking for i486-linux-gnu-pkg-config
configure:2224: result: no
configure:2234: checking for pkg-config
configure:2252: found /usr/bin/pkg-config
configure:2264: result: /usr/bin/pkg-config
configure:2293: checking pkg-config is at least version 0.9.0
configure:2296: result: yes
configure:2307: checking for MONO
configure:2315: $PKG_CONFIG --exists --print-errors "mono >= $MONO_REQUIRED"
configure:2318: $? = 0
configure:2333: $PKG_CONFIG --exists --print-errors "mono >= $MONO_REQUIRED"
configure:2336: $? = 0
configure:2412: result: yes
configure:2419: checking for GTKSHARP
configure:2430: $PKG_CONFIG --exists --print-errors "gtk-sharp-2.0 >= $GTKSHARP_REQUIRED \
	gnome-sharp-2.0 >= $GTKSHARP_REQUIRED \
	glade-sharp-2.0 >= $GTKSHARP_REQUIRED \
	gconf-sharp-2.0 >= $GTKSHARP_REQUIRED"
configure:2436: $? = 0
configure:2457: $PKG_CONFIG --exists --print-errors "gtk-sharp-2.0 >= $GTKSHARP_REQUIRED \
	gnome-sharp-2.0 >= $GTKSHARP_REQUIRED \
	glade-sharp-2.0 >= $GTKSHARP_REQUIRED \
	gconf-sharp-2.0 >= $GTKSHARP_REQUIRED"
configure:2463: $? = 0
configure:2554: result: yes
configure:2561: checking for gconftool-2
configure:2579: found /usr/bin/gconftool-2
configure:2592: result: /usr/bin/gconftool-2
configure:2604: checking for mono
configure:2622: found /usr/bin/mono
configure:2634: result: /usr/bin/mono
configure:2644: checking for gmcs
configure:2662: found /usr/bin/gmcs
configure:2674: result: /usr/bin/gmcs
configure:2703: checking for gacutil
configure:2721: found /usr/bin/gacutil
configure:2733: result: /usr/bin/gacutil
configure:2859: creating ./config.status

## ---------------------- ##
## Running config.status. ##
## ---------------------- ##

This file was extended by config.status, which was
generated by GNU Autoconf 2.61.  Invocation command line was

  CONFIG_FILES    = 
  CONFIG_HEADERS  = 
  CONFIG_LINKS    = 
  CONFIG_COMMANDS = 
  $ ./config.status 

on spider

config.status:620: creating Makefile
config.status:620: creating src/Makefile
config.status:620: creating config.h

## ---------------- ##
## Cache variables. ##
## ---------------- ##

ac_cv_env_GTKSHARP_CFLAGS_set=
ac_cv_env_GTKSHARP_CFLAGS_value=
ac_cv_env_GTKSHARP_LIBS_set=
ac_cv_env_GTKSHARP_LIBS_value=
ac_cv_env_MONO_CFLAGS_set=
ac_cv_env_MONO_CFLAGS_value=
ac_cv_env_MONO_LIBS_set=
ac_cv_env_MONO_LIBS_value=
ac_cv_env_PKG_CONFIG_set=
ac_cv_env_PKG_CONFIG_value=
ac_cv_env_build_alias_set=set
ac_cv_env_build_alias_value=i486-linux-gnu
ac_cv_env_host_alias_set=set
ac_cv_env_host_alias_value=i486-linux-gnu
ac_cv_env_target_alias_set=
ac_cv_env_target_alias_value=
ac_cv_path_GACUTIL=/usr/bin/gacutil
ac_cv_path_GCONFTOOL=/usr/bin/gconftool-2
ac_cv_path_MCS=/usr/bin/gmcs
ac_cv_path_MONO=/usr/bin/mono
ac_cv_path_ac_pt_PKG_CONFIG=/usr/bin/pkg-config
ac_cv_path_install='/usr/bin/install -c'
ac_cv_path_mkdir=/bin/mkdir
ac_cv_prog_AWK=gawk
ac_cv_prog_make_make_set=yes
pkg_cv_GTKSHARP_CFLAGS='-I:/usr/lib/pkgconfig/../../share/gapi-2.0/pango-api.xml -I:/usr/lib/pkgconfig/../../share/gapi-2.0/atk-api.xml -I:/usr/lib/pkgconfig/../../share/gapi-2.0/gdk-api.xml -I:/usr/lib/pkgconfig/../../share/gapi-2.0/gtk-api.xml -I:/usr/lib/pkgconfig/../../share/gapi-2.0/glib-api.xml -I:/usr/share/gapi-2.0/gnome-api.xml -I:/usr/share/gapi-2.0/art-api.xml -I:/usr/share/gapi-2.0/gnome-vfs-api.xml -I:/usr/lib/pkgconfig/../../share/gapi-2.0/glade-api.xml  '
pkg_cv_GTKSHARP_LIBS='-r:/usr/lib/pkgconfig/../../lib/mono/gtk-sharp-2.0/pango-sharp.dll -r:/usr/lib/pkgconfig/../../lib/mono/gtk-sharp-2.0/atk-sharp.dll -r:/usr/lib/pkgconfig/../../lib/mono/gtk-sharp-2.0/gdk-sharp.dll -r:/usr/lib/pkgconfig/../../lib/mono/gtk-sharp-2.0/gtk-sharp.dll -r:/usr/lib/pkgconfig/../../lib/mono/gtk-sharp-2.0/glib-sharp.dll -r:/usr/lib/cli/gnome-sharp-2.24/gnome-sharp.dll -r:/usr/lib/cli/art-sharp-2.0/art-sharp.dll -r:/usr/lib/cli/gnome-vfs-sharp-2.0/gnome-vfs-sharp.dll -r:/usr/lib/pkgconfig/../../lib/mono/gtk-sharp-2.0/glade-sharp.dll -r:/usr/lib/cli/gconf-sharp-2.0/gconf-sharp.dll  '
pkg_cv_MONO_CFLAGS='-D_REENTRANT -pthread -I/usr/include/mono-1.0 -I/usr/include/glib-2.0 -I/usr/lib/glib-2.0/include  '
pkg_cv_MONO_LIBS='-Wl,--export-dynamic -pthread -lmono -ldl -lpthread -lm -lgthread-2.0 -lrt -lglib-2.0  '

## ----------------- ##
## Output variables. ##
## ----------------- ##

ACLOCAL='${SHELL} /home/smorar/repositories_bjorn/bibliographer/trunk/missing --run aclocal-1.10'
AMTAR='${SHELL} /home/smorar/repositories_bjorn/bibliographer/trunk/missing --run tar'
AUTOCONF='${SHELL} /home/smorar/repositories_bjorn/bibliographer/trunk/missing --run autoconf'
AUTOHEADER='${SHELL} /home/smorar/repositories_bjorn/bibliographer/trunk/missing --run autoheader'
AUTOMAKE='${SHELL} /home/smorar/repositories_bjorn/bibliographer/trunk/missing --run automake-1.10'
AWK='gawk'
CYGPATH_W='echo'
DEFS='-DHAVE_CONFIG_H'
ECHO_C=''
ECHO_N='-n'
ECHO_T=''
GACUTIL='/usr/bin/gacutil'
GCONFTOOL='/usr/bin/gconftool-2'
GTKSHARP_CFLAGS='-I:/usr/lib/pkgconfig/../../share/gapi-2.0/pango-api.xml -I:/usr/lib/pkgconfig/../../share/gapi-2.0/atk-api.xml -I:/usr/lib/pkgconfig/../../share/gapi-2.0/gdk-api.xml -I:/usr/lib/pkgconfig/../../share/gapi-2.0/gtk-api.xml -I:/usr/lib/pkgconfig/../../share/gapi-2.0/glib-api.xml -I:/usr/share/gapi-2.0/gnome-api.xml -I:/usr/share/gapi-2.0/art-api.xml -I:/usr/share/gapi-2.0/gnome-vfs-api.xml -I:/usr/lib/pkgconfig/../../share/gapi-2.0/glade-api.xml  '
GTKSHARP_LIBS='-r:/usr/lib/pkgconfig/../../lib/mono/gtk-sharp-2.0/pango-sharp.dll -r:/usr/lib/pkgconfig/../../lib/mono/gtk-sharp-2.0/atk-sharp.dll -r:/usr/lib/pkgconfig/../../lib/mono/gtk-sharp-2.0/gdk-sharp.dll -r:/usr/lib/pkgconfig/../../lib/mono/gtk-sharp-2.0/gtk-sharp.dll -r:/usr/lib/pkgconfig/../../lib/mono/gtk-sharp-2.0/glib-sharp.dll -r:/usr/lib/cli/gnome-sharp-2.24/gnome-sharp.dll -r:/usr/lib/cli/art-sharp-2.0/art-sharp.dll -r:/usr/lib/cli/gnome-vfs-sharp-2.0/gnome-vfs-sharp.dll -r:/usr/lib/pkgconfig/../../lib/mono/gtk-sharp-2.0/glade-sharp.dll -r:/usr/lib/cli/gconf-sharp-2.0/gconf-sharp.dll  '
INSTALL_DATA='${INSTALL} -m 644'
INSTALL_PROGRAM='${INSTALL}'
INSTALL_SCRIPT='${INSTALL}'
INSTALL_STRIP_PROGRAM='$(install_sh) -c -s'
LIBOBJS=''
LIBS=''
LTLIBOBJS=''
MAINT='#'
MAINTAINER_MODE_FALSE=''
MAINTAINER_MODE_TRUE='#'
MAKEINFO='${SHELL} /home/smorar/repositories_bjorn/bibliographer/trunk/missing --run makeinfo'
MCS='/usr/bin/gmcs'
MCS_FLAGS='-codepage:utf8'
MONO='/usr/bin/mono'
MONO_CFLAGS='-D_REENTRANT -pthread -I/usr/include/mono-1.0 -I/usr/include/glib-2.0 -I/usr/lib/glib-2.0/include  '
MONO_FLAGS=''
MONO_LIBS='-Wl,--export-dynamic -pthread -lmono -ldl -lpthread -lm -lgthread-2.0 -lrt -lglib-2.0  '
PACKAGE='bibliographer'
PACKAGE_BUGREPORT=''
PACKAGE_NAME=''
PACKAGE_STRING=''
PACKAGE_TARNAME=''
PACKAGE_VERSION=''
PATH_SEPARATOR=':'
PKG_CONFIG='/usr/bin/pkg-config'
SET_MAKE=''
SHELL='/bin/bash'
STRIP=''
VERSION='0.1'
am__isrc=''
am__leading_dot='.'
am__tar='${AMTAR} chof - "$$tardir"'
am__untar='${AMTAR} xf -'
bindir='${exec_prefix}/bin'
build_alias='i486-linux-gnu'
datadir='${datarootdir}'
datarootdir='${prefix}/share'
docdir='${datarootdir}/doc/${PACKAGE}'
dvidir='${docdir}'
exec_prefix='${prefix}'
host_alias='i486-linux-gnu'
htmldir='${docdir}'
includedir='${prefix}/include'
infodir='${prefix}/share/info'
install_sh='$(SHELL) /home/smorar/repositories_bjorn/bibliographer/trunk/install-sh'
libdir='${exec_prefix}/lib'
libexecdir='${exec_prefix}/libexec'
localedir='${datarootdir}/locale'
localstatedir='${prefix}/var'
mandir='${prefix}/share/man'
mkdir_p='/bin/mkdir -p'
oldincludedir='/usr/include'
pdfdir='${docdir}'
prefix='/usr'
program_transform_name='s,x,x,'
psdir='${docdir}'
sbindir='${exec_prefix}/sbin'
sharedstatedir='${prefix}/com'
sysconfdir='${prefix}/etc'
target_alias=''

## ----------- ##
## confdefs.h. ##
## ----------- ##

#define PACKAGE_NAME ""
#define PACKAGE_TARNAME ""
#define PACKAGE_VERSION ""
#define PACKAGE_STRING ""
#define PACKAGE_BUGREPORT ""
#define PACKAGE "bibliographer"
#define VERSION "0.1"

configure: exit 0
